2026-03-05 09:16:07.904 [restartedMain] INFO  com.utopsofit.project.UtopsofitApplication - Starting UtopsofitApplication using Java 25.0.2 with PID 4104 (C:\workspace\utopsoft\utopsofit\target\classes started by utopsoft in C:\workspace\utopsoft\utopsofit)
2026-03-05 09:16:07.913 [restartedMain] DEBUG com.utopsofit.project.UtopsofitApplication - Running with Spring Boot v4.0.3, Spring v7.0.5
2026-03-05 09:16:07.914 [restartedMain] INFO  com.utopsofit.project.UtopsofitApplication - No active profile set, falling back to 1 default profile: "default"
2026-03-05 09:16:07.951 [restartedMain] INFO  org.springframework.boot.devtools.env.DevToolsPropertyDefaultsPostProcessor - Devtools property defaults active! Set 'spring.devtools.add-properties' to 'false' to disable
2026-03-05 09:16:07.951 [restartedMain] INFO  org.springframework.boot.devtools.env.DevToolsPropertyDefaultsPostProcessor - For additional web related logging consider setting the 'logging.level.web' property to 'DEBUG'
2026-03-05 09:16:08.866 [restartedMain] INFO  org.springframework.boot.tomcat.TomcatWebServer - Tomcat initialized with port 8080 (http)
2026-03-05 09:16:08.992 [restartedMain] INFO  org.springframework.boot.web.context.servlet.WebApplicationContextInitializer - Root WebApplicationContext: initialization completed in 1041 ms
2026-03-05 09:16:09.347 [restartedMain] INFO  org.springframework.security.config.annotation.authentication.configuration.InitializeUserDetailsBeanManagerConfigurer$InitializeUserDetailsManagerConfigurer - Global AuthenticationManager configured with UserDetailsService bean with name usrDetailsService
2026-03-05 09:16:09.428 [restartedMain] DEBUG org.springframework.security.web.DefaultSecurityFilterChain - Will secure any request with filters: DisableEncodeUrlFilter, WebAsyncManagerIntegrationFilter, SecurityContextHolderFilter, HeaderWriterFilter, CsrfFilter, LogoutFilter, UsernamePasswordAuthenticationFilter, RequestCacheAwareFilter, SecurityContextHolderAwareRequestFilter, AnonymousAuthenticationFilter, ExceptionTranslationFilter, AuthorizationFilter
2026-03-05 09:16:09.672 [restartedMain] INFO  org.springframework.boot.devtools.autoconfigure.OptionalLiveReloadServer - LiveReload server is running on port 35729
2026-03-05 09:16:09.713 [restartedMain] INFO  org.springframework.boot.actuate.endpoint.web.EndpointLinksResolver - Exposing 1 endpoint beneath base path '/actuator'
2026-03-05 09:16:09.761 [restartedMain] INFO  org.springframework.boot.tomcat.TomcatWebServer - Tomcat started on port 8080 (http) with context path '/'
2026-03-05 09:16:09.766 [restartedMain] INFO  com.utopsofit.project.UtopsofitApplication - Started UtopsofitApplication in 2.068 seconds (process running for 2.899)
2026-03-05 09:16:10.213 [http-nio-8080-exec-2] INFO  org.springframework.web.servlet.DispatcherServlet - Initializing Servlet 'dispatcherServlet'
2026-03-05 09:16:10.215 [http-nio-8080-exec-2] INFO  org.springframework.web.servlet.DispatcherServlet - Completed initialization in 2 ms
2026-03-05 09:16:10.232 [http-nio-8080-exec-2] DEBUG org.springframework.security.web.FilterChainProxy - Securing GET /
2026-03-05 09:16:10.241 [http-nio-8080-exec-2] DEBUG org.springframework.security.web.authentication.AnonymousAuthenticationFilter - Set SecurityContextHolder to anonymous SecurityContext
2026-03-05 09:16:10.259 [http-nio-8080-exec-2] DEBUG org.springframework.security.web.savedrequest.HttpSessionRequestCache - Saved request http://localhost:8080/?continue to session
2026-03-05 09:16:10.259 [http-nio-8080-exec-2] DEBUG org.springframework.security.web.DefaultRedirectStrategy - Redirecting to /login
2026-03-05 09:16:10.267 [http-nio-8080-exec-1] DEBUG org.springframework.security.web.FilterChainProxy - Securing GET /login
2026-03-05 09:16:10.269 [http-nio-8080-exec-1] DEBUG org.springframework.security.web.FilterChainProxy - Secured GET /login
2026-03-05 09:16:10.299 [http-nio-8080-exec-1] DEBUG org.springframework.security.web.FilterChainProxy - Securing GET /WEB-INF/views/portal/login/login.jsp
2026-03-05 09:16:10.300 [http-nio-8080-exec-1] DEBUG org.springframework.security.web.FilterChainProxy - Secured GET /WEB-INF/views/portal/login/login.jsp
2026-03-05 09:16:10.852 [http-nio-8080-exec-1] DEBUG org.springframework.security.web.authentication.AnonymousAuthenticationFilter - Set SecurityContextHolder to anonymous SecurityContext
2026-03-05 09:16:10.858 [http-nio-8080-exec-3] DEBUG org.springframework.security.web.FilterChainProxy - Securing GET /css/style.css
2026-03-05 09:16:10.859 [http-nio-8080-exec-3] DEBUG org.springframework.security.web.FilterChainProxy - Secured GET /css/style.css
2026-03-05 09:16:10.868 [http-nio-8080-exec-3] DEBUG org.springframework.security.web.authentication.AnonymousAuthenticationFilter - Set SecurityContextHolder to anonymous SecurityContext
2026-03-05 09:16:10.966 [http-nio-8080-exec-4] DEBUG org.springframework.security.web.FilterChainProxy - Securing GET /favicon.ico
2026-03-05 09:16:10.966 [http-nio-8080-exec-4] DEBUG org.springframework.security.web.authentication.AnonymousAuthenticationFilter - Set SecurityContextHolder to anonymous SecurityContext
2026-03-05 09:16:10.967 [http-nio-8080-exec-4] DEBUG org.springframework.security.web.DefaultRedirectStrategy - Redirecting to /login
2026-03-05 09:16:10.973 [http-nio-8080-exec-5] DEBUG org.springframework.security.web.FilterChainProxy - Securing GET /login
2026-03-05 09:16:10.974 [http-nio-8080-exec-5] DEBUG org.springframework.security.web.FilterChainProxy - Secured GET /login
2026-03-05 09:16:10.975 [http-nio-8080-exec-5] DEBUG org.springframework.security.web.FilterChainProxy - Securing GET /WEB-INF/views/portal/login/login.jsp
2026-03-05 09:16:10.975 [http-nio-8080-exec-5] DEBUG org.springframework.security.web.FilterChainProxy - Secured GET /WEB-INF/views/portal/login/login.jsp
2026-03-05 09:16:10.976 [http-nio-8080-exec-5] DEBUG org.springframework.security.web.authentication.AnonymousAuthenticationFilter - Set SecurityContextHolder to anonymous SecurityContext
2026-03-05 09:16:12.629 [http-nio-8080-exec-6] DEBUG org.springframework.security.web.FilterChainProxy - Securing POST /login/process
2026-03-05 09:16:12.709 [http-nio-8080-exec-6] INFO  com.zaxxer.hikari.HikariDataSource - UtopsoftPool - Starting...
2026-03-05 09:16:13.011 [http-nio-8080-exec-6] INFO  com.zaxxer.hikari.pool.HikariPool - UtopsoftPool - Added connection com.p6spy.engine.wrapper.ConnectionWrapper@4b69d894
2026-03-05 09:16:13.014 [http-nio-8080-exec-6] INFO  com.zaxxer.hikari.HikariDataSource - UtopsoftPool - Start completed.
2026-03-05 09:16:13.133 [http-nio-8080-exec-6] DEBUG org.springframework.security.authentication.dao.DaoAuthenticationProvider - Authenticated user
2026-03-05 09:16:13.134 [http-nio-8080-exec-6] DEBUG org.springframework.security.web.authentication.session.ChangeSessionIdAuthenticationStrategy - Changed session id from 2481DA556463A68A03540AABD96B7190
2026-03-05 09:16:13.134 [http-nio-8080-exec-6] DEBUG org.springframework.security.web.csrf.CsrfAuthenticationStrategy - Replaced CSRF Token
2026-03-05 09:16:13.135 [http-nio-8080-exec-6] DEBUG org.springframework.security.web.context.HttpSessionSecurityContextRepository - Stored SecurityContextImpl [Authentication=UsernamePasswordAuthenticationToken [Principal=org.springframework.security.core.userdetails.User [Username=admin, Password=[PROTECTED], Enabled=true, AccountNonExpired=true, CredentialsNonExpired=true, AccountNonLocked=true, Granted Authorities=[ROLE_ADMIN]], Credentials=[PROTECTED], Authenticated=true, Details=WebAuthenticationDetails [RemoteIpAddress=0:0:0:0:0:0:0:1, SessionId=2481DA556463A68A03540AABD96B7190], Granted Authorities=[ROLE_ADMIN, FactorGrantedAuthority [authority=FACTOR_PASSWORD, issuedAt=2026-03-05T00:16:13.133912900Z]]]] to HttpSession [org.apache.catalina.session.StandardSessionFacade@16c96883]
2026-03-05 09:16:13.135 [http-nio-8080-exec-6] DEBUG org.springframework.security.web.authentication.UsernamePasswordAuthenticationFilter - Set SecurityContextHolder to UsernamePasswordAuthenticationToken [Principal=org.springframework.security.core.userdetails.User [Username=admin, Password=[PROTECTED], Enabled=true, AccountNonExpired=true, CredentialsNonExpired=true, AccountNonLocked=true, Granted Authorities=[ROLE_ADMIN]], Credentials=[PROTECTED], Authenticated=true, Details=WebAuthenticationDetails [RemoteIpAddress=0:0:0:0:0:0:0:1, SessionId=2481DA556463A68A03540AABD96B7190], Granted Authorities=[ROLE_ADMIN, FactorGrantedAuthority [authority=FACTOR_PASSWORD, issuedAt=2026-03-05T00:16:13.133912900Z]]]
2026-03-05 09:16:13.153 [http-nio-8080-exec-7] DEBUG org.springframework.security.web.FilterChainProxy - Securing GET /
2026-03-05 09:16:13.153 [http-nio-8080-exec-7] DEBUG org.springframework.security.web.context.HttpSessionSecurityContextRepository - Retrieved SecurityContextImpl [Authentication=UsernamePasswordAuthenticationToken [Principal=org.springframework.security.core.userdetails.User [Username=admin, Password=[PROTECTED], Enabled=true, AccountNonExpired=true, CredentialsNonExpired=true, AccountNonLocked=true, Granted Authorities=[ROLE_ADMIN]], Credentials=[PROTECTED], Authenticated=true, Details=WebAuthenticationDetails [RemoteIpAddress=0:0:0:0:0:0:0:1, SessionId=2481DA556463A68A03540AABD96B7190], Granted Authorities=[ROLE_ADMIN, FactorGrantedAuthority [authority=FACTOR_PASSWORD, issuedAt=2026-03-05T00:16:13.133912900Z]]]]
2026-03-05 09:16:13.154 [http-nio-8080-exec-7] DEBUG org.springframework.security.web.FilterChainProxy - Secured GET /
2026-03-05 09:16:13.157 [http-nio-8080-exec-7] DEBUG org.springframework.security.web.FilterChainProxy - Securing GET /WEB-INF/views/portal/home/home.jsp
2026-03-05 09:16:13.158 [http-nio-8080-exec-7] DEBUG org.springframework.security.web.FilterChainProxy - Secured GET /WEB-INF/views/portal/home/home.jsp
2026-03-05 09:16:13.283 [http-nio-8080-exec-8] DEBUG org.springframework.security.web.FilterChainProxy - Securing GET /css/style.css
2026-03-05 09:16:13.283 [http-nio-8080-exec-8] DEBUG org.springframework.security.web.FilterChainProxy - Secured GET /css/style.css
2026-03-05 09:16:13.286 [http-nio-8080-exec-8] DEBUG org.springframework.security.web.context.HttpSessionSecurityContextRepository - Retrieved SecurityContextImpl [Authentication=UsernamePasswordAuthenticationToken [Principal=org.springframework.security.core.userdetails.User [Username=admin, Password=[PROTECTED], Enabled=true, AccountNonExpired=true, CredentialsNonExpired=true, AccountNonLocked=true, Granted Authorities=[ROLE_ADMIN]], Credentials=[PROTECTED], Authenticated=true, Details=WebAuthenticationDetails [RemoteIpAddress=0:0:0:0:0:0:0:1, SessionId=2481DA556463A68A03540AABD96B7190], Granted Authorities=[ROLE_ADMIN, FactorGrantedAuthority [authority=FACTOR_PASSWORD, issuedAt=2026-03-05T00:16:13.133912900Z]]]]
2026-03-05 09:16:13.311 [http-nio-8080-exec-9] DEBUG org.springframework.security.web.FilterChainProxy - Securing GET /favicon.ico
2026-03-05 09:16:13.311 [http-nio-8080-exec-9] DEBUG org.springframework.security.web.context.HttpSessionSecurityContextRepository - Retrieved SecurityContextImpl [Authentication=UsernamePasswordAuthenticationToken [Principal=org.springframework.security.core.userdetails.User [Username=admin, Password=[PROTECTED], Enabled=true, AccountNonExpired=true, CredentialsNonExpired=true, AccountNonLocked=true, Granted Authorities=[ROLE_ADMIN]], Credentials=[PROTECTED], Authenticated=true, Details=WebAuthenticationDetails [RemoteIpAddress=0:0:0:0:0:0:0:1, SessionId=2481DA556463A68A03540AABD96B7190], Granted Authorities=[ROLE_ADMIN, FactorGrantedAuthority [authority=FACTOR_PASSWORD, issuedAt=2026-03-05T00:16:13.133912900Z]]]]
2026-03-05 09:16:13.311 [http-nio-8080-exec-9] DEBUG org.springframework.security.web.FilterChainProxy - Secured GET /favicon.ico
2026-03-05 09:16:13.316 [http-nio-8080-exec-9] DEBUG org.springframework.security.web.FilterChainProxy - Securing GET /error
2026-03-05 09:16:13.316 [http-nio-8080-exec-9] DEBUG org.springframework.security.web.FilterChainProxy - Secured GET /error
2026-03-05 09:16:13.331 [http-nio-8080-exec-9] DEBUG org.springframework.security.web.context.HttpSessionSecurityContextRepository - Retrieved SecurityContextImpl [Authentication=UsernamePasswordAuthenticationToken [Principal=org.springframework.security.core.userdetails.User [Username=admin, Password=[PROTECTED], Enabled=true, AccountNonExpired=true, CredentialsNonExpired=true, AccountNonLocked=true, Granted Authorities=[ROLE_ADMIN]], Credentials=[PROTECTED], Authenticated=true, Details=WebAuthenticationDetails [RemoteIpAddress=0:0:0:0:0:0:0:1, SessionId=2481DA556463A68A03540AABD96B7190], Granted Authorities=[ROLE_ADMIN, FactorGrantedAuthority [authority=FACTOR_PASSWORD, issuedAt=2026-03-05T00:16:13.133912900Z]]]]
2026-03-05 09:16:15.978 [http-nio-8080-exec-10] DEBUG org.springframework.security.web.FilterChainProxy - Securing GET /system/version/list
2026-03-05 09:16:15.979 [http-nio-8080-exec-10] DEBUG org.springframework.security.web.context.HttpSessionSecurityContextRepository - Retrieved SecurityContextImpl [Authentication=UsernamePasswordAuthenticationToken [Principal=org.springframework.security.core.userdetails.User [Username=admin, Password=[PROTECTED], Enabled=true, AccountNonExpired=true, CredentialsNonExpired=true, AccountNonLocked=true, Granted Authorities=[ROLE_ADMIN]], Credentials=[PROTECTED], Authenticated=true, Details=WebAuthenticationDetails [RemoteIpAddress=0:0:0:0:0:0:0:1, SessionId=2481DA556463A68A03540AABD96B7190], Granted Authorities=[ROLE_ADMIN, FactorGrantedAuthority [authority=FACTOR_PASSWORD, issuedAt=2026-03-05T00:16:13.133912900Z]]]]
2026-03-05 09:16:15.979 [http-nio-8080-exec-10] DEBUG org.springframework.security.web.FilterChainProxy - Secured GET /system/version/list
2026-03-05 09:16:15.991 [http-nio-8080-exec-10] DEBUG org.springframework.security.web.FilterChainProxy - Securing GET /WEB-INF/views/portal/system/appVersionList.jsp
2026-03-05 09:16:15.992 [http-nio-8080-exec-10] DEBUG org.springframework.security.web.FilterChainProxy - Secured GET /WEB-INF/views/portal/system/appVersionList.jsp
2026-03-05 09:16:16.102 [http-nio-8080-exec-2] DEBUG org.springframework.security.web.FilterChainProxy - Securing GET /css/style.css
2026-03-05 09:16:16.102 [http-nio-8080-exec-1] DEBUG org.springframework.security.web.FilterChainProxy - Securing GET /js/jquery.dataTables.min.css
2026-03-05 09:16:16.103 [http-nio-8080-exec-2] DEBUG org.springframework.security.web.FilterChainProxy - Secured GET /css/style.css
2026-03-05 09:16:16.103 [http-nio-8080-exec-1] DEBUG org.springframework.security.web.FilterChainProxy - Secured GET /js/jquery.dataTables.min.css
2026-03-05 09:16:16.103 [http-nio-8080-exec-3] DEBUG org.springframework.security.web.FilterChainProxy - Securing GET /js/jquery-3.7.0.min.js
2026-03-05 09:16:16.103 [http-nio-8080-exec-4] DEBUG org.springframework.security.web.FilterChainProxy - Securing GET /js/jquery.dataTables.min.js
2026-03-05 09:16:16.103 [http-nio-8080-exec-3] DEBUG org.springframework.security.web.FilterChainProxy - Secured GET /js/jquery-3.7.0.min.js
2026-03-05 09:16:16.103 [http-nio-8080-exec-4] DEBUG org.springframework.security.web.FilterChainProxy - Secured GET /js/jquery.dataTables.min.js
2026-03-05 09:16:16.105 [http-nio-8080-exec-2] DEBUG org.springframework.security.web.context.HttpSessionSecurityContextRepository - Retrieved SecurityContextImpl [Authentication=UsernamePasswordAuthenticationToken [Principal=org.springframework.security.core.userdetails.User [Username=admin, Password=[PROTECTED], Enabled=true, AccountNonExpired=true, CredentialsNonExpired=true, AccountNonLocked=true, Granted Authorities=[ROLE_ADMIN]], Credentials=[PROTECTED], Authenticated=true, Details=WebAuthenticationDetails [RemoteIpAddress=0:0:0:0:0:0:0:1, SessionId=2481DA556463A68A03540AABD96B7190], Granted Authorities=[ROLE_ADMIN, FactorGrantedAuthority [authority=FACTOR_PASSWORD, issuedAt=2026-03-05T00:16:13.133912900Z]]]]
2026-03-05 09:16:16.106 [http-nio-8080-exec-1] DEBUG org.springframework.security.web.context.HttpSessionSecurityContextRepository - Retrieved SecurityContextImpl [Authentication=UsernamePasswordAuthenticationToken [Principal=org.springframework.security.core.userdetails.User [Username=admin, Password=[PROTECTED], Enabled=true, AccountNonExpired=true, CredentialsNonExpired=true, AccountNonLocked=true, Granted Authorities=[ROLE_ADMIN]], Credentials=[PROTECTED], Authenticated=true, Details=WebAuthenticationDetails [RemoteIpAddress=0:0:0:0:0:0:0:1, SessionId=2481DA556463A68A03540AABD96B7190], Granted Authorities=[ROLE_ADMIN, FactorGrantedAuthority [authority=FACTOR_PASSWORD, issuedAt=2026-03-05T00:16:13.133912900Z]]]]
2026-03-05 09:16:16.106 [http-nio-8080-exec-3] DEBUG org.springframework.security.web.context.HttpSessionSecurityContextRepository - Retrieved SecurityContextImpl [Authentication=UsernamePasswordAuthenticationToken [Principal=org.springframework.security.core.userdetails.User [Username=admin, Password=[PROTECTED], Enabled=true, AccountNonExpired=true, CredentialsNonExpired=true, AccountNonLocked=true, Granted Authorities=[ROLE_ADMIN]], Credentials=[PROTECTED], Authenticated=true, Details=WebAuthenticationDetails [RemoteIpAddress=0:0:0:0:0:0:0:1, SessionId=2481DA556463A68A03540AABD96B7190], Granted Authorities=[ROLE_ADMIN, FactorGrantedAuthority [authority=FACTOR_PASSWORD, issuedAt=2026-03-05T00:16:13.133912900Z]]]]
2026-03-05 09:16:16.106 [http-nio-8080-exec-4] DEBUG org.springframework.security.web.context.HttpSessionSecurityContextRepository - Retrieved SecurityContextImpl [Authentication=UsernamePasswordAuthenticationToken [Principal=org.springframework.security.core.userdetails.User [Username=admin, Password=[PROTECTED], Enabled=true, AccountNonExpired=true, CredentialsNonExpired=true, AccountNonLocked=true, Granted Authorities=[ROLE_ADMIN]], Credentials=[PROTECTED], Authenticated=true, Details=WebAuthenticationDetails [RemoteIpAddress=0:0:0:0:0:0:0:1, SessionId=2481DA556463A68A03540AABD96B7190], Granted Authorities=[ROLE_ADMIN, FactorGrantedAuthority [authority=FACTOR_PASSWORD, issuedAt=2026-03-05T00:16:13.133912900Z]]]]
2026-03-05 09:16:16.146 [http-nio-8080-exec-5] DEBUG org.springframework.security.web.FilterChainProxy - Securing GET /system/version/list/json?searchAppType=&searchStoreType=&_=1772669776113
2026-03-05 09:16:16.155 [http-nio-8080-exec-5] DEBUG org.springframework.security.web.context.HttpSessionSecurityContextRepository - Retrieved SecurityContextImpl [Authentication=UsernamePasswordAuthenticationToken [Principal=org.springframework.security.core.userdetails.User [Username=admin, Password=[PROTECTED], Enabled=true, AccountNonExpired=true, CredentialsNonExpired=true, AccountNonLocked=true, Granted Authorities=[ROLE_ADMIN]], Credentials=[PROTECTED], Authenticated=true, Details=WebAuthenticationDetails [RemoteIpAddress=0:0:0:0:0:0:0:1, SessionId=2481DA556463A68A03540AABD96B7190], Granted Authorities=[ROLE_ADMIN, FactorGrantedAuthority [authority=FACTOR_PASSWORD, issuedAt=2026-03-05T00:16:13.133912900Z]]]]
2026-03-05 09:16:16.155 [http-nio-8080-exec-5] DEBUG org.springframework.security.web.FilterChainProxy - Secured GET /system/version/list/json?searchAppType=&searchStoreType=&_=1772669776113
2026-03-05 09:25:58.988 [File Watcher] INFO  org.springframework.boot.devtools.autoconfigure.LocalDevToolsAutoConfiguration$RestartingClassPathChangeChangedEventListener - Restarting due to 12 class path changes (0 additions, 0 deletions, 12 modifications)
2026-03-05 09:25:58.991 [Thread-5] INFO  org.springframework.boot.tomcat.GracefulShutdown - Commencing graceful shutdown. Waiting for active requests to complete
2026-03-05 09:25:58.995 [tomcat-shutdown] INFO  org.springframework.boot.tomcat.GracefulShutdown - Graceful shutdown complete
2026-03-05 09:25:59.000 [Thread-5] INFO  com.zaxxer.hikari.HikariDataSource - UtopsoftPool - Shutdown initiated...
2026-03-05 09:25:59.003 [Thread-5] INFO  com.zaxxer.hikari.HikariDataSource - UtopsoftPool - Shutdown completed.
2026-03-05 09:25:59.088 [restartedMain] INFO  com.utopsofit.project.UtopsofitApplication - Starting UtopsofitApplication using Java 25.0.2 with PID 4104 (C:\workspace\utopsoft\utopsofit\target\classes started by utopsoft in C:\workspace\utopsoft\utopsofit)
2026-03-05 09:25:59.088 [restartedMain] DEBUG com.utopsofit.project.UtopsofitApplication - Running with Spring Boot v4.0.3, Spring v7.0.5
2026-03-05 09:25:59.089 [restartedMain] INFO  com.utopsofit.project.UtopsofitApplication - No active profile set, falling back to 1 default profile: "default"
2026-03-05 09:25:59.434 [restartedMain] INFO  org.springframework.boot.tomcat.TomcatWebServer - Tomcat initialized with port 8080 (http)
2026-03-05 09:25:59.509 [restartedMain] INFO  org.springframework.boot.web.context.servlet.WebApplicationContextInitializer - Root WebApplicationContext: initialization completed in 417 ms
2026-03-05 09:26:00.299 [restartedMain] INFO  org.springframework.security.config.annotation.authentication.configuration.InitializeUserDetailsBeanManagerConfigurer$InitializeUserDetailsManagerConfigurer - Global AuthenticationManager configured with UserDetailsService bean with name usrDetailsService
2026-03-05 09:26:00.321 [restartedMain] DEBUG org.springframework.security.web.DefaultSecurityFilterChain - Will secure any request with filters: DisableEncodeUrlFilter, WebAsyncManagerIntegrationFilter, SecurityContextHolderFilter, HeaderWriterFilter, CsrfFilter, LogoutFilter, UsernamePasswordAuthenticationFilter, RequestCacheAwareFilter, SecurityContextHolderAwareRequestFilter, AnonymousAuthenticationFilter, ExceptionTranslationFilter, AuthorizationFilter
2026-03-05 09:26:00.405 [restartedMain] INFO  org.springframework.boot.devtools.autoconfigure.OptionalLiveReloadServer - LiveReload server is running on port 35729
2026-03-05 09:26:00.419 [restartedMain] INFO  org.springframework.boot.actuate.endpoint.web.EndpointLinksResolver - Exposing 1 endpoint beneath base path '/actuator'
2026-03-05 09:26:00.430 [restartedMain] INFO  org.springframework.boot.tomcat.TomcatWebServer - Tomcat started on port 8080 (http) with context path '/'
2026-03-05 09:26:00.433 [restartedMain] INFO  com.utopsofit.project.UtopsofitApplication - Started UtopsofitApplication in 1.379 seconds (process running for 593.566)
2026-03-05 09:26:00.435 [restartedMain] INFO  org.springframework.boot.devtools.autoconfigure.ConditionEvaluationDeltaLoggingListener - Condition evaluation unchanged
2026-03-05 09:26:10.332 [http-nio-8080-exec-3] INFO  org.springframework.web.servlet.DispatcherServlet - Initializing Servlet 'dispatcherServlet'
2026-03-05 09:26:10.334 [http-nio-8080-exec-3] INFO  org.springframework.web.servlet.DispatcherServlet - Completed initialization in 2 ms
2026-03-05 09:26:10.335 [http-nio-8080-exec-3] DEBUG org.springframework.security.web.FilterChainProxy - Securing GET /system/version/list
2026-03-05 09:26:10.335 [http-nio-8080-exec-3] DEBUG org.springframework.security.web.context.HttpSessionSecurityContextRepository - Retrieved SecurityContextImpl [Authentication=UsernamePasswordAuthenticationToken [Principal=org.springframework.security.core.userdetails.User [Username=admin, Password=[PROTECTED], Enabled=true, AccountNonExpired=true, CredentialsNonExpired=true, AccountNonLocked=true, Granted Authorities=[ROLE_ADMIN]], Credentials=[PROTECTED], Authenticated=true, Details=WebAuthenticationDetails [RemoteIpAddress=0:0:0:0:0:0:0:1, SessionId=2481DA556463A68A03540AABD96B7190], Granted Authorities=[ROLE_ADMIN, FactorGrantedAuthority [authority=FACTOR_PASSWORD, issuedAt=2026-03-05T00:16:13.133912900Z]]]]
2026-03-05 09:26:10.336 [http-nio-8080-exec-3] DEBUG org.springframework.security.web.FilterChainProxy - Secured GET /system/version/list
2026-03-05 09:26:10.338 [http-nio-8080-exec-3] INFO  com.zaxxer.hikari.HikariDataSource - UtopsoftPool - Starting...
2026-03-05 09:26:10.351 [http-nio-8080-exec-3] INFO  com.zaxxer.hikari.pool.HikariPool - UtopsoftPool - Added connection com.p6spy.engine.wrapper.ConnectionWrapper@46157fc6
2026-03-05 09:26:10.352 [http-nio-8080-exec-3] INFO  com.zaxxer.hikari.HikariDataSource - UtopsoftPool - Start completed.
2026-03-05 09:26:10.359 [http-nio-8080-exec-3] DEBUG org.springframework.security.web.FilterChainProxy - Securing GET /WEB-INF/views/portal/system/appVersionList.jsp
2026-03-05 09:26:10.360 [http-nio-8080-exec-3] DEBUG org.springframework.security.web.FilterChainProxy - Secured GET /WEB-INF/views/portal/system/appVersionList.jsp
2026-03-05 09:26:10.553 [http-nio-8080-exec-2] DEBUG org.springframework.security.web.FilterChainProxy - Securing GET /css/style.css
2026-03-05 09:26:10.553 [http-nio-8080-exec-2] DEBUG org.springframework.security.web.FilterChainProxy - Secured GET /css/style.css
2026-03-05 09:26:10.556 [http-nio-8080-exec-1] DEBUG org.springframework.security.web.FilterChainProxy - Securing GET /js/jquery.dataTables.min.css
2026-03-05 09:26:10.556 [http-nio-8080-exec-4] DEBUG org.springframework.security.web.FilterChainProxy - Securing GET /js/jquery-3.7.0.min.js
2026-03-05 09:26:10.556 [http-nio-8080-exec-2] DEBUG org.springframework.security.web.context.HttpSessionSecurityContextRepository - Retrieved SecurityContextImpl [Authentication=UsernamePasswordAuthenticationToken [Principal=org.springframework.security.core.userdetails.User [Username=admin, Password=[PROTECTED], Enabled=true, AccountNonExpired=true, CredentialsNonExpired=true, AccountNonLocked=true, Granted Authorities=[ROLE_ADMIN]], Credentials=[PROTECTED], Authenticated=true, Details=WebAuthenticationDetails [RemoteIpAddress=0:0:0:0:0:0:0:1, SessionId=2481DA556463A68A03540AABD96B7190], Granted Authorities=[ROLE_ADMIN, FactorGrantedAuthority [authority=FACTOR_PASSWORD, issuedAt=2026-03-05T00:16:13.133912900Z]]]]
2026-03-05 09:26:10.556 [http-nio-8080-exec-6] DEBUG org.springframework.security.web.FilterChainProxy - Securing GET /js/jquery.dataTables.min.js
2026-03-05 09:26:10.556 [http-nio-8080-exec-1] DEBUG org.springframework.security.web.FilterChainProxy - Secured GET /js/jquery.dataTables.min.css
2026-03-05 09:26:10.556 [http-nio-8080-exec-6] DEBUG org.springframework.security.web.FilterChainProxy - Secured GET /js/jquery.dataTables.min.js
2026-03-05 09:26:10.556 [http-nio-8080-exec-4] DEBUG org.springframework.security.web.FilterChainProxy - Secured GET /js/jquery-3.7.0.min.js
2026-03-05 09:26:10.558 [http-nio-8080-exec-1] DEBUG org.springframework.security.web.context.HttpSessionSecurityContextRepository - Retrieved SecurityContextImpl [Authentication=UsernamePasswordAuthenticationToken [Principal=org.springframework.security.core.userdetails.User [Username=admin, Password=[PROTECTED], Enabled=true, AccountNonExpired=true, CredentialsNonExpired=true, AccountNonLocked=true, Granted Authorities=[ROLE_ADMIN]], Credentials=[PROTECTED], Authenticated=true, Details=WebAuthenticationDetails [RemoteIpAddress=0:0:0:0:0:0:0:1, SessionId=2481DA556463A68A03540AABD96B7190], Granted Authorities=[ROLE_ADMIN, FactorGrantedAuthority [authority=FACTOR_PASSWORD, issuedAt=2026-03-05T00:16:13.133912900Z]]]]
2026-03-05 09:26:10.559 [http-nio-8080-exec-4] DEBUG org.springframework.security.web.context.HttpSessionSecurityContextRepository - Retrieved SecurityContextImpl [Authentication=UsernamePasswordAuthenticationToken [Principal=org.springframework.security.core.userdetails.User [Username=admin, Password=[PROTECTED], Enabled=true, AccountNonExpired=true, CredentialsNonExpired=true, AccountNonLocked=true, Granted Authorities=[ROLE_ADMIN]], Credentials=[PROTECTED], Authenticated=true, Details=WebAuthenticationDetails [RemoteIpAddress=0:0:0:0:0:0:0:1, SessionId=2481DA556463A68A03540AABD96B7190], Granted Authorities=[ROLE_ADMIN, FactorGrantedAuthority [authority=FACTOR_PASSWORD, issuedAt=2026-03-05T00:16:13.133912900Z]]]]
2026-03-05 09:26:10.559 [http-nio-8080-exec-6] DEBUG org.springframework.security.web.context.HttpSessionSecurityContextRepository - Retrieved SecurityContextImpl [Authentication=UsernamePasswordAuthenticationToken [Principal=org.springframework.security.core.userdetails.User [Username=admin, Password=[PROTECTED], Enabled=true, AccountNonExpired=true, CredentialsNonExpired=true, AccountNonLocked=true, Granted Authorities=[ROLE_ADMIN]], Credentials=[PROTECTED], Authenticated=true, Details=WebAuthenticationDetails [RemoteIpAddress=0:0:0:0:0:0:0:1, SessionId=2481DA556463A68A03540AABD96B7190], Granted Authorities=[ROLE_ADMIN, FactorGrantedAuthority [authority=FACTOR_PASSWORD, issuedAt=2026-03-05T00:16:13.133912900Z]]]]
2026-03-05 09:26:10.574 [http-nio-8080-exec-5] DEBUG org.springframework.security.web.FilterChainProxy - Securing GET /system/version/list/json?searchAppType=&searchStoreType=&_=1772670370567
2026-03-05 09:26:10.575 [http-nio-8080-exec-5] DEBUG org.springframework.security.web.context.HttpSessionSecurityContextRepository - Retrieved SecurityContextImpl [Authentication=UsernamePasswordAuthenticationToken [Principal=org.springframework.security.core.userdetails.User [Username=admin, Password=[PROTECTED], Enabled=true, AccountNonExpired=true, CredentialsNonExpired=true, AccountNonLocked=true, Granted Authorities=[ROLE_ADMIN]], Credentials=[PROTECTED], Authenticated=true, Details=WebAuthenticationDetails [RemoteIpAddress=0:0:0:0:0:0:0:1, SessionId=2481DA556463A68A03540AABD96B7190], Granted Authorities=[ROLE_ADMIN, FactorGrantedAuthority [authority=FACTOR_PASSWORD, issuedAt=2026-03-05T00:16:13.133912900Z]]]]
2026-03-05 09:26:10.575 [http-nio-8080-exec-5] DEBUG org.springframework.security.web.FilterChainProxy - Secured GET /system/version/list/json?searchAppType=&searchStoreType=&_=1772670370567
2026-03-05 09:26:11.216 [http-nio-8080-exec-7] DEBUG org.springframework.security.web.FilterChainProxy - Securing GET /system/version/list
2026-03-05 09:26:11.216 [http-nio-8080-exec-7] DEBUG org.springframework.security.web.context.HttpSessionSecurityContextRepository - Retrieved SecurityContextImpl [Authentication=UsernamePasswordAuthenticationToken [Principal=org.springframework.security.core.userdetails.User [Username=admin, Password=[PROTECTED], Enabled=true, AccountNonExpired=true, CredentialsNonExpired=true, AccountNonLocked=true, Granted Authorities=[ROLE_ADMIN]], Credentials=[PROTECTED], Authenticated=true, Details=WebAuthenticationDetails [RemoteIpAddress=0:0:0:0:0:0:0:1, SessionId=2481DA556463A68A03540AABD96B7190], Granted Authorities=[ROLE_ADMIN, FactorGrantedAuthority [authority=FACTOR_PASSWORD, issuedAt=2026-03-05T00:16:13.133912900Z]]]]
2026-03-05 09:26:11.217 [http-nio-8080-exec-7] DEBUG org.springframework.security.web.FilterChainProxy - Secured GET /system/version/list
2026-03-05 09:26:11.223 [http-nio-8080-exec-7] DEBUG org.springframework.security.web.FilterChainProxy - Securing GET /WEB-INF/views/portal/system/appVersionList.jsp
2026-03-05 09:26:11.223 [http-nio-8080-exec-7] DEBUG org.springframework.security.web.FilterChainProxy - Secured GET /WEB-INF/views/portal/system/appVersionList.jsp
2026-03-05 09:26:11.234 [http-nio-8080-exec-8] DEBUG org.springframework.security.web.FilterChainProxy - Securing GET /css/style.css
2026-03-05 09:26:11.235 [http-nio-8080-exec-8] DEBUG org.springframework.security.web.FilterChainProxy - Secured GET /css/style.css
2026-03-05 09:26:11.236 [http-nio-8080-exec-3] DEBUG org.springframework.security.web.FilterChainProxy - Securing GET /js/jquery.dataTables.min.js
2026-03-05 09:26:11.236 [http-nio-8080-exec-9] DEBUG org.springframework.security.web.FilterChainProxy - Securing GET /js/jquery.dataTables.min.css
2026-03-05 09:26:11.236 [http-nio-8080-exec-10] DEBUG org.springframework.security.web.FilterChainProxy - Securing GET /js/jquery-3.7.0.min.js
2026-03-05 09:26:11.237 [http-nio-8080-exec-9] DEBUG org.springframework.security.web.FilterChainProxy - Secured GET /js/jquery.dataTables.min.css
2026-03-05 09:26:11.237 [http-nio-8080-exec-3] DEBUG org.springframework.security.web.FilterChainProxy - Secured GET /js/jquery.dataTables.min.js
2026-03-05 09:26:11.237 [http-nio-8080-exec-8] DEBUG org.springframework.security.web.context.HttpSessionSecurityContextRepository - Retrieved SecurityContextImpl [Authentication=UsernamePasswordAuthenticationToken [Principal=org.springframework.security.core.userdetails.User [Username=admin, Password=[PROTECTED], Enabled=true, AccountNonExpired=true, CredentialsNonExpired=true, AccountNonLocked=true, Granted Authorities=[ROLE_ADMIN]], Credentials=[PROTECTED], Authenticated=true, Details=WebAuthenticationDetails [RemoteIpAddress=0:0:0:0:0:0:0:1, SessionId=2481DA556463A68A03540AABD96B7190], Granted Authorities=[ROLE_ADMIN, FactorGrantedAuthority [authority=FACTOR_PASSWORD, issuedAt=2026-03-05T00:16:13.133912900Z]]]]
2026-03-05 09:26:11.238 [http-nio-8080-exec-10] DEBUG org.springframework.security.web.FilterChainProxy - Secured GET /js/jquery-3.7.0.min.js
2026-03-05 09:26:11.239 [http-nio-8080-exec-9] DEBUG org.springframework.security.web.context.HttpSessionSecurityContextRepository - Retrieved SecurityContextImpl [Authentication=UsernamePasswordAuthenticationToken [Principal=org.springframework.security.core.userdetails.User [Username=admin, Password=[PROTECTED], Enabled=true, AccountNonExpired=true, CredentialsNonExpired=true, AccountNonLocked=true, Granted Authorities=[ROLE_ADMIN]], Credentials=[PROTECTED], Authenticated=true, Details=WebAuthenticationDetails [RemoteIpAddress=0:0:0:0:0:0:0:1, SessionId=2481DA556463A68A03540AABD96B7190], Granted Authorities=[ROLE_ADMIN, FactorGrantedAuthority [authority=FACTOR_PASSWORD, issuedAt=2026-03-05T00:16:13.133912900Z]]]]
2026-03-05 09:26:11.239 [http-nio-8080-exec-3] DEBUG org.springframework.security.web.context.HttpSessionSecurityContextRepository - Retrieved SecurityContextImpl [Authentication=UsernamePasswordAuthenticationToken [Principal=org.springframework.security.core.userdetails.User [Username=admin, Password=[PROTECTED], Enabled=true, AccountNonExpired=true, CredentialsNonExpired=true, AccountNonLocked=true, Granted Authorities=[ROLE_ADMIN]], Credentials=[PROTECTED], Authenticated=true, Details=WebAuthenticationDetails [RemoteIpAddress=0:0:0:0:0:0:0:1, SessionId=2481DA556463A68A03540AABD96B7190], Granted Authorities=[ROLE_ADMIN, FactorGrantedAuthority [authority=FACTOR_PASSWORD, issuedAt=2026-03-05T00:16:13.133912900Z]]]]
2026-03-05 09:26:11.240 [http-nio-8080-exec-10] DEBUG org.springframework.security.web.context.HttpSessionSecurityContextRepository - Retrieved SecurityContextImpl [Authentication=UsernamePasswordAuthenticationToken [Principal=org.springframework.security.core.userdetails.User [Username=admin, Password=[PROTECTED], Enabled=true, AccountNonExpired=true, CredentialsNonExpired=true, AccountNonLocked=true, Granted Authorities=[ROLE_ADMIN]], Credentials=[PROTECTED], Authenticated=true, Details=WebAuthenticationDetails [RemoteIpAddress=0:0:0:0:0:0:0:1, SessionId=2481DA556463A68A03540AABD96B7190], Granted Authorities=[ROLE_ADMIN, FactorGrantedAuthority [authority=FACTOR_PASSWORD, issuedAt=2026-03-05T00:16:13.133912900Z]]]]
2026-03-05 09:26:11.251 [http-nio-8080-exec-2] DEBUG org.springframework.security.web.FilterChainProxy - Securing GET /system/version/list/json?searchAppType=&searchStoreType=&_=1772670371244
2026-03-05 09:26:11.252 [http-nio-8080-exec-2] DEBUG org.springframework.security.web.context.HttpSessionSecurityContextRepository - Retrieved SecurityContextImpl [Authentication=UsernamePasswordAuthenticationToken [Principal=org.springframework.security.core.userdetails.User [Username=admin, Password=[PROTECTED], Enabled=true, AccountNonExpired=true, CredentialsNonExpired=true, AccountNonLocked=true, Granted Authorities=[ROLE_ADMIN]], Credentials=[PROTECTED], Authenticated=true, Details=WebAuthenticationDetails [RemoteIpAddress=0:0:0:0:0:0:0:1, SessionId=2481DA556463A68A03540AABD96B7190], Granted Authorities=[ROLE_ADMIN, FactorGrantedAuthority [authority=FACTOR_PASSWORD, issuedAt=2026-03-05T00:16:13.133912900Z]]]]
2026-03-05 09:26:11.252 [http-nio-8080-exec-2] DEBUG org.springframework.security.web.FilterChainProxy - Secured GET /system/version/list/json?searchAppType=&searchStoreType=&_=1772670371244
2026-03-05 09:26:11.561 [http-nio-8080-exec-1] DEBUG org.springframework.security.web.FilterChainProxy - Securing GET /system/version/list
2026-03-05 09:26:11.562 [http-nio-8080-exec-1] DEBUG org.springframework.security.web.context.HttpSessionSecurityContextRepository - Retrieved SecurityContextImpl [Authentication=UsernamePasswordAuthenticationToken [Principal=org.springframework.security.core.userdetails.User [Username=admin, Password=[PROTECTED], Enabled=true, AccountNonExpired=true, CredentialsNonExpired=true, AccountNonLocked=true, Granted Authorities=[ROLE_ADMIN]], Credentials=[PROTECTED], Authenticated=true, Details=WebAuthenticationDetails [RemoteIpAddress=0:0:0:0:0:0:0:1, SessionId=2481DA556463A68A03540AABD96B7190], Granted Authorities=[ROLE_ADMIN, FactorGrantedAuthority [authority=FACTOR_PASSWORD, issuedAt=2026-03-05T00:16:13.133912900Z]]]]
2026-03-05 09:26:11.562 [http-nio-8080-exec-1] DEBUG org.springframework.security.web.FilterChainProxy - Secured GET /system/version/list
2026-03-05 09:26:11.569 [http-nio-8080-exec-1] DEBUG org.springframework.security.web.FilterChainProxy - Securing GET /WEB-INF/views/portal/system/appVersionList.jsp
2026-03-05 09:26:11.569 [http-nio-8080-exec-1] DEBUG org.springframework.security.web.FilterChainProxy - Secured GET /WEB-INF/views/portal/system/appVersionList.jsp
2026-03-05 09:26:11.579 [http-nio-8080-exec-4] DEBUG org.springframework.security.web.FilterChainProxy - Securing GET /css/style.css
2026-03-05 09:26:11.580 [http-nio-8080-exec-4] DEBUG org.springframework.security.web.FilterChainProxy - Secured GET /css/style.css
2026-03-05 09:26:11.581 [http-nio-8080-exec-6] DEBUG org.springframework.security.web.FilterChainProxy - Securing GET /js/jquery.dataTables.min.css
2026-03-05 09:26:11.581 [http-nio-8080-exec-5] DEBUG org.springframework.security.web.FilterChainProxy - Securing GET /js/jquery-3.7.0.min.js
2026-03-05 09:26:11.582 [http-nio-8080-exec-7] DEBUG org.springframework.security.web.FilterChainProxy - Securing GET /js/jquery.dataTables.min.js
2026-03-05 09:26:11.582 [http-nio-8080-exec-5] DEBUG org.springframework.security.web.FilterChainProxy - Secured GET /js/jquery-3.7.0.min.js
2026-03-05 09:26:11.582 [http-nio-8080-exec-6] DEBUG org.springframework.security.web.FilterChainProxy - Secured GET /js/jquery.dataTables.min.css
2026-03-05 09:26:11.582 [http-nio-8080-exec-7] DEBUG org.springframework.security.web.FilterChainProxy - Secured GET /js/jquery.dataTables.min.js
2026-03-05 09:26:11.583 [http-nio-8080-exec-4] DEBUG org.springframework.security.web.context.HttpSessionSecurityContextRepository - Retrieved SecurityContextImpl [Authentication=UsernamePasswordAuthenticationToken [Principal=org.springframework.security.core.userdetails.User [Username=admin, Password=[PROTECTED], Enabled=true, AccountNonExpired=true, CredentialsNonExpired=true, AccountNonLocked=true, Granted Authorities=[ROLE_ADMIN]], Credentials=[PROTECTED], Authenticated=true, Details=WebAuthenticationDetails [RemoteIpAddress=0:0:0:0:0:0:0:1, SessionId=2481DA556463A68A03540AABD96B7190], Granted Authorities=[ROLE_ADMIN, FactorGrantedAuthority [authority=FACTOR_PASSWORD, issuedAt=2026-03-05T00:16:13.133912900Z]]]]
2026-03-05 09:26:11.584 [http-nio-8080-exec-6] DEBUG org.springframework.security.web.context.HttpSessionSecurityContextRepository - Retrieved SecurityContextImpl [Authentication=UsernamePasswordAuthenticationToken [Principal=org.springframework.security.core.userdetails.User [Username=admin, Password=[PROTECTED], Enabled=true, AccountNonExpired=true, CredentialsNonExpired=true, AccountNonLocked=true, Granted Authorities=[ROLE_ADMIN]], Credentials=[PROTECTED], Authenticated=true, Details=WebAuthenticationDetails [RemoteIpAddress=0:0:0:0:0:0:0:1, SessionId=2481DA556463A68A03540AABD96B7190], Granted Authorities=[ROLE_ADMIN, FactorGrantedAuthority [authority=FACTOR_PASSWORD, issuedAt=2026-03-05T00:16:13.133912900Z]]]]
2026-03-05 09:26:11.585 [http-nio-8080-exec-5] DEBUG org.springframework.security.web.context.HttpSessionSecurityContextRepository - Retrieved SecurityContextImpl [Authentication=UsernamePasswordAuthenticationToken [Principal=org.springframework.security.core.userdetails.User [Username=admin, Password=[PROTECTED], Enabled=true, AccountNonExpired=true, CredentialsNonExpired=true, AccountNonLocked=true, Granted Authorities=[ROLE_ADMIN]], Credentials=[PROTECTED], Authenticated=true, Details=WebAuthenticationDetails [RemoteIpAddress=0:0:0:0:0:0:0:1, SessionId=2481DA556463A68A03540AABD96B7190], Granted Authorities=[ROLE_ADMIN, FactorGrantedAuthority [authority=FACTOR_PASSWORD, issuedAt=2026-03-05T00:16:13.133912900Z]]]]
2026-03-05 09:26:11.585 [http-nio-8080-exec-7] DEBUG org.springframework.security.web.context.HttpSessionSecurityContextRepository - Retrieved SecurityContextImpl [Authentication=UsernamePasswordAuthenticationToken [Principal=org.springframework.security.core.userdetails.User [Username=admin, Password=[PROTECTED], Enabled=true, AccountNonExpired=true, CredentialsNonExpired=true, AccountNonLocked=true, Granted Authorities=[ROLE_ADMIN]], Credentials=[PROTECTED], Authenticated=true, Details=WebAuthenticationDetails [RemoteIpAddress=0:0:0:0:0:0:0:1, SessionId=2481DA556463A68A03540AABD96B7190], Granted Authorities=[ROLE_ADMIN, FactorGrantedAuthority [authority=FACTOR_PASSWORD, issuedAt=2026-03-05T00:16:13.133912900Z]]]]
2026-03-05 09:26:11.598 [http-nio-8080-exec-8] DEBUG org.springframework.security.web.FilterChainProxy - Securing GET /system/version/list/json?searchAppType=&searchStoreType=&_=1772670371591
2026-03-05 09:26:11.598 [http-nio-8080-exec-8] DEBUG org.springframework.security.web.context.HttpSessionSecurityContextRepository - Retrieved SecurityContextImpl [Authentication=UsernamePasswordAuthenticationToken [Principal=org.springframework.security.core.userdetails.User [Username=admin, Password=[PROTECTED], Enabled=true, AccountNonExpired=true, CredentialsNonExpired=true, AccountNonLocked=true, Granted Authorities=[ROLE_ADMIN]], Credentials=[PROTECTED], Authenticated=true, Details=WebAuthenticationDetails [RemoteIpAddress=0:0:0:0:0:0:0:1, SessionId=2481DA556463A68A03540AABD96B7190], Granted Authorities=[ROLE_ADMIN, FactorGrantedAuthority [authority=FACTOR_PASSWORD, issuedAt=2026-03-05T00:16:13.133912900Z]]]]
2026-03-05 09:26:11.599 [http-nio-8080-exec-8] DEBUG org.springframework.security.web.FilterChainProxy - Secured GET /system/version/list/json?searchAppType=&searchStoreType=&_=1772670371591
2026-03-05 09:29:23.095 [File Watcher] INFO  org.springframework.boot.devtools.autoconfigure.LocalDevToolsAutoConfiguration$RestartingClassPathChangeChangedEventListener - Restarting due to 13 class path changes (1 addition, 0 deletions, 12 modifications)
2026-03-05 09:29:23.096 [Thread-7] INFO  org.springframework.boot.tomcat.GracefulShutdown - Commencing graceful shutdown. Waiting for active requests to complete
2026-03-05 09:29:23.100 [tomcat-shutdown] INFO  org.springframework.boot.tomcat.GracefulShutdown - Graceful shutdown complete
2026-03-05 09:29:23.102 [Thread-7] INFO  com.zaxxer.hikari.HikariDataSource - UtopsoftPool - Shutdown initiated...
2026-03-05 09:29:23.103 [Thread-7] INFO  com.zaxxer.hikari.HikariDataSource - UtopsoftPool - Shutdown completed.
2026-03-05 09:29:23.186 [restartedMain] INFO  com.utopsofit.project.UtopsofitApplication - Starting UtopsofitApplication using Java 25.0.2 with PID 4104 (C:\workspace\utopsoft\utopsofit\target\classes started by utopsoft in C:\workspace\utopsoft\utopsofit)
2026-03-05 09:29:23.187 [restartedMain] DEBUG com.utopsofit.project.UtopsofitApplication - Running with Spring Boot v4.0.3, Spring v7.0.5
2026-03-05 09:29:23.187 [restartedMain] INFO  com.utopsofit.project.UtopsofitApplication - No active profile set, falling back to 1 default profile: "default"
2026-03-05 09:29:23.454 [restartedMain] INFO  org.springframework.boot.tomcat.TomcatWebServer - Tomcat initialized with port 8080 (http)
2026-03-05 09:29:23.509 [restartedMain] INFO  org.springframework.boot.web.context.servlet.WebApplicationContextInitializer - Root WebApplicationContext: initialization completed in 319 ms
2026-03-05 09:29:23.589 [restartedMain] INFO  org.springframework.security.config.annotation.authentication.configuration.InitializeUserDetailsBeanManagerConfigurer$InitializeUserDetailsManagerConfigurer - Global AuthenticationManager configured with UserDetailsService bean with name usrDetailsService
2026-03-05 09:29:23.611 [restartedMain] DEBUG org.springframework.security.web.DefaultSecurityFilterChain - Will secure any request with filters: DisableEncodeUrlFilter, WebAsyncManagerIntegrationFilter, SecurityContextHolderFilter, HeaderWriterFilter, CsrfFilter, LogoutFilter, UsernamePasswordAuthenticationFilter, RequestCacheAwareFilter, SecurityContextHolderAwareRequestFilter, AnonymousAuthenticationFilter, ExceptionTranslationFilter, AuthorizationFilter
2026-03-05 09:29:23.661 [restartedMain] INFO  org.springframework.boot.devtools.autoconfigure.OptionalLiveReloadServer - LiveReload server is running on port 35729
2026-03-05 09:29:23.670 [restartedMain] INFO  org.springframework.boot.actuate.endpoint.web.EndpointLinksResolver - Exposing 1 endpoint beneath base path '/actuator'
2026-03-05 09:29:23.682 [restartedMain] INFO  org.springframework.boot.tomcat.TomcatWebServer - Tomcat started on port 8080 (http) with context path '/'
2026-03-05 09:29:23.685 [restartedMain] INFO  com.utopsofit.project.UtopsofitApplication - Started UtopsofitApplication in 0.524 seconds (process running for 796.817)
2026-03-05 09:29:23.686 [restartedMain] INFO  org.springframework.boot.devtools.autoconfigure.ConditionEvaluationDeltaLoggingListener - Condition evaluation unchanged
